
ts(2022-10-26,20:18:4),p3,temperature,25,normal,act1,thermostat,lowalready_offact2,fan,highalready_off
ts(2022-10-26,20:18:5),sunflower,humidity,83,high,act4,fan,highturned_on
ts(2022-10-26,20:18:6),p2,caption,[symptom(fruits,clear_gummy_substance)],no_diagnosis,
ts(2022-10-26,20:18:7),p3,humidity,93,high,act3,sprinkler,lowalready_offact4,fan,highalready_on
ts(2022-10-26,20:18:9),spatafillo,temperature,17,low,no_plant_actuator
ts(2022-10-26,20:18:10),p2,humidity,59,high,no_plant_actuator
ts(2022-10-26,20:18:11),p4,caption,[symptom(all,delayed_growth)],abiotic - copper nutrient_deficiency,
ts(2022-10-26,20:18:12),sunflower,caption,[symptom(leaves,visible_spores)],no_diagnosis,
ts(2022-10-26,20:18:13),sunflower,humidity,56,high,act4,fan,highalready_on
ts(2022-10-26,20:18:14),sunflower,caption,[symptom(all,sticky_webbing)],pests - spider_mites infestation,
ts(2022-10-26,20:18:43),p3,temperature,25,normal,act1,thermostat,lowalready_offact2,fan,highalready_off
ts(2022-10-26,20:18:44),sunflower,humidity,83,high,act4,fan,highturned_on
ts(2022-10-26,20:18:45),p2,caption,[symptom(fruits,clear_gummy_substance)],no_diagnosis,
ts(2022-10-26,20:18:46),p3,humidity,93,high,act3,sprinkler,lowalready_offact4,fan,highalready_on
ts(2022-10-26,20:18:47),spatafillo,temperature,17,low,no_plant_actuator
ts(2022-10-26,20:18:48),p2,humidity,59,high,no_plant_actuator
ts(2022-10-26,20:18:49),p4,caption,[symptom(all,delayed_growth)],abiotic - copper nutrient_deficiency,
ts(2022-10-26,20:18:50),sunflower,caption,[symptom(leaves,visible_spores)],no_diagnosis,
ts(2022-10-26,20:18:51),sunflower,humidity,56,high,act4,fan,highalready_on
ts(2022-10-26,20:18:52),sunflower,caption,[symptom(all,sticky_webbing)],pests - spider_mites infestation,
ts(2022-10-26,20:19:43),p3,temperature,25,normal,act1,thermostat,low_132075act2,fan,high_132102
ts(2022-10-26,20:19:44),sunflower,humidity,83,high,act4,fan,high_132689
ts(2022-10-26,20:19:45),p2,caption,[symptom(fruits,clear_gummy_substance)],no_diagnosis,
ts(2022-10-26,20:19:46),p3,humidity,93,high,act3,sprinkler,low_134631act4,fan,high_134658
ts(2022-10-26,20:19:47),spatafillo,temperature,17,low,no_plant_actuator
ts(2022-10-26,20:19:48),p2,humidity,59,high,no_plant_actuator
ts(2022-10-26,20:19:49),p4,caption,[symptom(all,delayed_growth)],abiotic - copper nutrient_deficiency,
ts(2022-10-26,20:19:50),sunflower,caption,[symptom(leaves,visible_spores)],no_diagnosis,
ts(2022-10-26,20:19:51),sunflower,humidity,56,high,act4,fan,high_138992
ts(2022-10-26,20:19:52),sunflower,caption,[symptom(all,sticky_webbing)],pests - spider_mites infestation,
ts(2022-10-26,20:20:37),p3,temperature,25,normal,act1,thermostat,low-already_offact2,fan,high-already_off
ts(2022-10-26,20:20:38),sunflower,humidity,83,high,act4,fan,high-turned_on
ts(2022-10-26,20:20:39),p2,caption,[symptom(fruits,clear_gummy_substance)],no_diagnosis,
ts(2022-10-26,20:20:40),p3,humidity,93,high,act3,sprinkler,low-already_offact4,fan,high-already_on
ts(2022-10-26,20:20:41),spatafillo,temperature,17,low,no_plant_actuator
ts(2022-10-26,20:20:42),p2,humidity,59,high,no_plant_actuator
ts(2022-10-26,20:20:43),p4,caption,[symptom(all,delayed_growth)],abiotic - copper nutrient_deficiency,
ts(2022-10-26,20:20:44),sunflower,caption,[symptom(leaves,visible_spores)],no_diagnosis,
ts(2022-10-26,20:20:45),sunflower,humidity,56,high,act4,fan,high-already_on
ts(2022-10-26,20:20:46),sunflower,caption,[symptom(all,sticky_webbing)],pests - spider_mites infestation,
ts(2022-10-26,20:21:22),sunflower,humidity,82,high,act4,fan,high-already_on
ts(2022-10-26,20:21:23),trinidad1,temperature,25,normal,act1,thermostat,low-already_off
ts(2022-10-26,20:21:24),spatafillo,humidity,64,high,no_plant_actuator
ts(2022-10-26,20:21:25),p1,caption,[symptom(leaves,flies,white)],no_diagnosis,
ts(2022-10-26,20:21:26),p3,caption,[symptom(leaves,thin_size)],abiotic - sulfur nutrient_deficiency,
ts(2022-10-26,20:21:27),p4,humidity,69,high,act3,sprinkler,low-already_offact4,fan,high-already_on
ts(2022-10-26,20:21:28),trinidad1,caption,[symptom(all,death_of_plant_tissue)],biotic - blight disease,
ts(2022-10-26,20:21:29),p3,humidity,62,high,act3,sprinkler,low-already_offact4,fan,high-already_on
ts(2022-10-26,20:21:30),sunflower,humidity,37,low,act4,fan,high-turned_off
ts(2022-10-26,20:21:31),p4,caption,[symptom(lower_side_leaves,clustering_cottony)],pests - mealy_bugs infestation,